This file contains any messages produced by compilers while
running configure, to aid debugging if configure makes a mistake.

It was created by AbstractFactoryPattern configure 1.0, which was
generated by GNU Autoconf 2.69.  Invocation command line was

  $ /cygdrive/C/eclipse/workspace/Ankit/Learnc++/AbstractFactoryPattern/configure 

## --------- ##
## Platform. ##
## --------- ##

hostname = TACARL-PATELAN
uname -m = i686
uname -r = 2.6.1(0.305/5/3)
uname -s = CYGWIN_NT-6.1-WOW
uname -v = 2016-12-16 11:50

/usr/bin/uname -p = unknown
/bin/uname -X     = unknown

/bin/arch              = i686
/usr/bin/arch -k       = unknown
/usr/convex/getsysinfo = unknown
/usr/bin/hostinfo      = unknown
/bin/machine           = unknown
/usr/bin/oslevel       = unknown
/bin/universe          = unknown

PATH: /cygdrive/c/Program Files (x86)/Java/jre1.8.0_131/bin/client
PATH: /cygdrive/c/Program Files (x86)/Java/jre1.8.0_131/bin
PATH: /cygdrive/c/Program Files (x86)/Java/jre1.8.0_131/lib/i386
PATH: /cygdrive/c/csvn/bin
PATH: /cygdrive/c/csvn/Python25
PATH: /cygdrive/c/ProgramData/Oracle/Java/javapath
PATH: /cygdrive/c/Klocwork/Server 9.6/bin
PATH: /cygdrive/c/Klocwork/User 9.6/bin
PATH: /cygdrive/c/WINDOWS/system32
PATH: /cygdrive/c/WINDOWS
PATH: /cygdrive/c/WINDOWS/System32/Wbem
PATH: /usr/bin
PATH: /opt/ppc-toolchain/bin
PATH: /cygdrive/c/Program Files (x86)/IBM/Client Access/Emulator
PATH: /cygdrive/c/Program Files (x86)/IBM/Client Access/Shared
PATH: /cygdrive/c/Program Files (x86)/IBM/Client Access
PATH: /cygdrive/c/Program Files (x86)/WebEx/Productivity Tools
PATH: /cygdrive/c/Program Files (x86)/Common Files/Roxio Shared/DLLShared
PATH: /cygdrive/c/sqlite
PATH: cygdrive/C/sqlite
PATH: /cygdrive/c/Program Files/Microsoft SQL Server/110/Tools/Binn
PATH: /cygdrive/c/Program Files/Microsoft/Web Platform Installer
PATH: /cygdrive/c/Program Files (x86)/Microsoft ASP.NET/ASP.NET Web Pages/v1.0
PATH: /cygdrive/c/Bitnami/trac-1.0.9-0/subversion/bin
PATH: /cygdrive/c/Program Files (x86)/Lua/5.1
PATH: /cygdrive/c/Program Files (x86)/Lua/5.1/clibs
PATH: /cygdrive/c/MinGW/bin
PATH: /cygdrive/c/Program Files (x86)/Rational/common
PATH: /cygdrive/c/Program Files (x86)/Rational/ClearCase/bin
PATH: /cygdrive/c/Program Files (x86)/WebEx/PTools020000000
PATH: /cygdrive/c/Program Files (x86)/Microsoft SQL Server/100/Tools/Binn
PATH: /cygdrive/c/Program Files/Microsoft SQL Server/100/Tools/Binn
PATH: /cygdrive/c/Program Files/Microsoft SQL Server/100/DTS/Binn
PATH: /cygdrive/c/Program Files (x86)/Microsoft Visual Studio 10.0/Common7/IDE
PATH: /cygdrive/c/Program Files/Collaborator Client
PATH: /cygdrive/c/Python26
PATH: /cygdrive/c/php
PATH: /cygdrive/c/Program Files/Git/cmd
PATH: /cygdrive/c/Program Files/Git/bin
PATH: /cygdrive/c/Python26/Scripts
PATH: /cygdrive/c/WINDOWS/System32/WindowsPowerShell/v1.0
PATH: /cygdrive/c/WINDOWS/System32/WindowsPowerShell/v1.0
PATH: /cygdrive/c/Program Files (x86)/Sennheiser/SoftphoneSDK
PATH: /cygdrive/c/WINDOWS/System32/WindowsPowerShell/v1.0
PATH: /cygdrive/c/Program Files (x86)/Klocwork/Klocwork 8.2 User/bin
PATH: /cygdrive/c/Program Files/Collaborator Client
PATH: /cygdrive/c/Python26/Scripts
PATH: /cygdrive/c/Python26/Lib
PATH: /cygdrive/c/Ankit/Tools/eclipse4.2/eclipse4.2


## ----------- ##
## Core tests. ##
## ----------- ##

configure:1837: checking build system type
configure:1851: result: i686-pc-cygwin
configure:1871: checking host system type
configure:1884: result: i686-pc-cygwin
configure:1904: checking target system type
configure:1917: result: i686-pc-cygwin
configure:1960: checking for a BSD-compatible install
configure:2028: result: /usr/bin/install -c
configure:2039: checking whether build environment is sane
configure:2094: result: yes
configure:2245: checking for a thread-safe mkdir -p
configure:2284: result: /usr/bin/mkdir -p
configure:2291: checking for gawk
configure:2307: found /usr/bin/gawk
configure:2318: result: gawk
configure:2329: checking whether make sets $(MAKE)
configure:2351: result: yes
configure:2380: checking whether make supports nested variables
configure:2397: result: yes
configure:2581: checking for g++
configure:2597: found /usr/bin/g++
configure:2608: result: g++
configure:2635: checking for C++ compiler version
configure:2644: g++ --version >&5
g++ (GCC) 5.4.0
Copyright (C) 2015 Free Software Foundation, Inc.
This is free software; see the source for copying conditions.  There is NO
warranty; not even for MERCHANTABILITY or FITNESS FOR A PARTICULAR PURPOSE.

configure:2655: $? = 0
configure:2644: g++ -v >&5
Using built-in specs.
COLLECT_GCC=g++
COLLECT_LTO_WRAPPER=/usr/lib/gcc/i686-pc-cygwin/5.4.0/lto-wrapper.exe
Target: i686-pc-cygwin
Configured with: /cygdrive/i/szsz/tmpp/gcc/gcc-5.4.0-1.i686/src/gcc-5.4.0/configure --srcdir=/cygdrive/i/szsz/tmpp/gcc/gcc-5.4.0-1.i686/src/gcc-5.4.0 --prefix=/usr --exec-prefix=/usr --localstatedir=/var --sysconfdir=/etc --docdir=/usr/share/doc/gcc --htmldir=/usr/share/doc/gcc/html -C --build=i686-pc-cygwin --host=i686-pc-cygwin --target=i686-pc-cygwin --without-libiconv-prefix --without-libintl-prefix --libexecdir=/usr/lib --enable-shared --enable-shared-libgcc --enable-static --enable-version-specific-runtime-libs --enable-bootstrap --enable-__cxa_atexit --with-dwarf2 --with-arch=i686 --with-tune=generic --disable-sjlj-exceptions --enable-languages=ada,c,c++,fortran,java,lto,objc,obj-c++ --enable-graphite --enable-threads=posix --enable-libatomic --enable-libcilkrts --enable-libgomp --enable-libitm --enable-libquadmath --enable-libquadmath-support --enable-libssp --enable-libada --enable-libjava --enable-libgcj-sublibs --disable-java-awt --disable-symvers --with-ecj-jar=/usr/share/java/ecj.jar --with-gnu-ld --with-gnu-as --with-cloog-include=/usr/include/cloog-isl --without-libiconv-prefix --without-libintl-prefix --with-system-zlib --enable-linker-build-id --with-default-libstdcxx-abi=gcc4-compatible
Thread model: posix
gcc version 5.4.0 (GCC) 
configure:2655: $? = 0
configure:2644: g++ -V >&5
g++: error: unrecognized command line option '-V'
g++: fatal error: no input files
compilation terminated.
configure:2655: $? = 1
configure:2644: g++ -qversion >&5
g++: error: unrecognized command line option '-qversion'
g++: fatal error: no input files
compilation terminated.
configure:2655: $? = 1
configure:2675: checking whether the C++ compiler works
configure:2697: g++    conftest.cpp  >&5
configure:2701: $? = 0
configure:2749: result: yes
configure:2752: checking for C++ compiler default output file name
configure:2754: result: a.exe
configure:2760: checking for suffix of executables
configure:2767: g++ -o conftest.exe    conftest.cpp  >&5
configure:2771: $? = 0
configure:2793: result: .exe
configure:2815: checking whether we are cross compiling
configure:2823: g++ -o conftest.exe    conftest.cpp  >&5
configure:2827: $? = 0
configure:2834: ./conftest.exe
configure:2838: $? = 0
configure:2853: result: no
configure:2858: checking for suffix of object files
configure:2880: g++ -c   conftest.cpp >&5
configure:2884: $? = 0
configure:2905: result: o
configure:2909: checking whether we are using the GNU C++ compiler
configure:2928: g++ -c   conftest.cpp >&5
configure:2928: $? = 0
configure:2937: result: yes
configure:2946: checking whether g++ accepts -g
configure:2966: g++ -c -g  conftest.cpp >&5
configure:2966: $? = 0
configure:3007: result: yes
configure:3041: checking for style of include used by make
configure:3069: result: GNU
configure:3095: checking dependency style of g++
configure:3206: result: gcc3
configure:3369: checking that generated files are newer than configure
configure:3375: result: done
configure:3398: creating ./config.status

## ---------------------- ##
## Running config.status. ##
## ---------------------- ##

This file was extended by AbstractFactoryPattern config.status 1.0, which was
generated by GNU Autoconf 2.69.  Invocation command line was

  CONFIG_FILES    = 
  CONFIG_HEADERS  = 
  CONFIG_LINKS    = 
  CONFIG_COMMANDS = 
  $ ./config.status 

on TACARL-PATELAN

config.status:785: creating Makefile
config.status:785: creating src/Makefile
config.status:942: executing depfiles commands

## ---------------- ##
## Cache variables. ##
## ---------------- ##

ac_cv_build=i686-pc-cygwin
ac_cv_cxx_compiler_gnu=yes
ac_cv_env_build_alias_set=
ac_cv_env_build_alias_value=
ac_cv_env_CCC_set=
ac_cv_env_CCC_value=
ac_cv_env_CPPFLAGS_set=
ac_cv_env_CPPFLAGS_value=
ac_cv_env_CXX_set=
ac_cv_env_CXX_value=
ac_cv_env_CXXFLAGS_set=
ac_cv_env_CXXFLAGS_value=
ac_cv_env_host_alias_set=
ac_cv_env_host_alias_value=
ac_cv_env_LDFLAGS_set=
ac_cv_env_LDFLAGS_value=
ac_cv_env_LIBS_set=
ac_cv_env_LIBS_value=
ac_cv_env_target_alias_set=
ac_cv_env_target_alias_value=
ac_cv_exeext=.exe
ac_cv_host=i686-pc-cygwin
ac_cv_objext=o
ac_cv_path_install='/usr/bin/install -c'
ac_cv_path_mkdir=/usr/bin/mkdir
ac_cv_prog_ac_ct_CXX=g++
ac_cv_prog_AWK=gawk
ac_cv_prog_cxx_g=yes
ac_cv_prog_make_make_set=yes
ac_cv_target=i686-pc-cygwin
am_cv_CXX_dependencies_compiler_type=gcc3
am_cv_make_support_nested_variables=yes

## ----------------- ##
## Output variables. ##
## ----------------- ##

ac_ct_CXX='g++'
ACLOCAL='${SHELL} /cygdrive/C/eclipse/workspace/Ankit/Learnc++/AbstractFactoryPattern/missing aclocal-1.14'
am__EXEEXT_FALSE='#'
am__EXEEXT_TRUE=''
am__fastdepCXX_FALSE='#'
am__fastdepCXX_TRUE=''
am__include='include'
am__isrc=' -I$(srcdir)'
am__leading_dot='.'
am__nodep='_no'
am__quote=''
am__tar='$${TAR-tar} chof - "$$tardir"'
am__untar='$${TAR-tar} xf -'
AM_BACKSLASH='\'
AM_DEFAULT_V='$(AM_DEFAULT_VERBOSITY)'
AM_DEFAULT_VERBOSITY='1'
AM_V='$(V)'
AMDEP_FALSE='#'
AMDEP_TRUE=''
AMDEPBACKSLASH='\'
AMTAR='$${TAR-tar}'
AUTOCONF='${SHELL} /cygdrive/C/eclipse/workspace/Ankit/Learnc++/AbstractFactoryPattern/missing autoconf'
AUTOHEADER='${SHELL} /cygdrive/C/eclipse/workspace/Ankit/Learnc++/AbstractFactoryPattern/missing autoheader'
AUTOMAKE='${SHELL} /cygdrive/C/eclipse/workspace/Ankit/Learnc++/AbstractFactoryPattern/missing automake-1.14'
AWK='gawk'
bindir='${exec_prefix}/bin'
build_alias=''
build_cpu='i686'
build_os='cygwin'
build_vendor='pc'
build='i686-pc-cygwin'
CPPFLAGS=''
CXX='g++'
CXXDEPMODE='depmode=gcc3'
CXXFLAGS='-g -O2'
CYGPATH_W='cygpath -w'
datadir='${datarootdir}'
datarootdir='${prefix}/share'
DEFS='-DPACKAGE_NAME=\"AbstractFactoryPattern\" -DPACKAGE_TARNAME=\"abstractfactorypattern\" -DPACKAGE_VERSION=\"1.0\" -DPACKAGE_STRING=\"AbstractFactoryPattern\ 1.0\" -DPACKAGE_BUGREPORT=\"\" -DPACKAGE_URL=\"\" -DPACKAGE=\"abstractfactorypattern\" -DVERSION=\"1.0\"'
DEPDIR='.deps'
docdir='${datarootdir}/doc/${PACKAGE_TARNAME}'
dvidir='${docdir}'
ECHO_C=''
ECHO_N='-n'
ECHO_T=''
exec_prefix='${prefix}'
EXEEXT='.exe'
host_alias=''
host_cpu='i686'
host_os='cygwin'
host_vendor='pc'
host='i686-pc-cygwin'
htmldir='${docdir}'
includedir='${prefix}/include'
infodir='${datarootdir}/info'
INSTALL_DATA='${INSTALL} -m 644'
INSTALL_PROGRAM='${INSTALL}'
INSTALL_SCRIPT='${INSTALL}'
install_sh='${SHELL} /cygdrive/C/eclipse/workspace/Ankit/Learnc++/AbstractFactoryPattern/install-sh'
INSTALL_STRIP_PROGRAM='$(install_sh) -c -s'
LDFLAGS=''
libdir='${exec_prefix}/lib'
libexecdir='${exec_prefix}/libexec'
LIBOBJS=''
LIBS=''
localedir='${datarootdir}/locale'
localstatedir='${prefix}/var'
LTLIBOBJS=''
MAKEINFO='${SHELL} /cygdrive/C/eclipse/workspace/Ankit/Learnc++/AbstractFactoryPattern/missing makeinfo'
mandir='${datarootdir}/man'
mkdir_p='$(MKDIR_P)'
MKDIR_P='/usr/bin/mkdir -p'
OBJEXT='o'
oldincludedir='/usr/include'
PACKAGE_BUGREPORT=''
PACKAGE_NAME='AbstractFactoryPattern'
PACKAGE_STRING='AbstractFactoryPattern 1.0'
PACKAGE_TARNAME='abstractfactorypattern'
PACKAGE_URL=''
PACKAGE_VERSION='1.0'
PACKAGE='abstractfactorypattern'
PATH_SEPARATOR=':'
pdfdir='${docdir}'
prefix='/usr/local'
program_transform_name='s,x,x,'
psdir='${docdir}'
sbindir='${exec_prefix}/sbin'
SET_MAKE=''
sharedstatedir='${prefix}/com'
SHELL='/bin/sh'
STRIP=''
sysconfdir='${prefix}/etc'
target_alias=''
target_cpu='i686'
target_os='cygwin'
target_vendor='pc'
target='i686-pc-cygwin'
VERSION='1.0'

## ----------- ##
## confdefs.h. ##
## ----------- ##

/* confdefs.h */
#define PACKAGE_NAME "AbstractFactoryPattern"
#define PACKAGE_TARNAME "abstractfactorypattern"
#define PACKAGE_VERSION "1.0"
#define PACKAGE_STRING "AbstractFactoryPattern 1.0"
#define PACKAGE_BUGREPORT ""
#define PACKAGE_URL ""
#define PACKAGE "abstractfactorypattern"
#define VERSION "1.0"

configure: exit 0
